2025-04-24 09:06:09 | INFO     | root         | Logging initialized.
2025-04-24 09:06:09 | INFO     | __main__     | Running initial model encryption check...
2025-04-24 09:06:09 | INFO     | __main__     | Found original model at: G:\semester 6\IS\project\models\mnist_cnn_defended_adv_train.keras
2025-04-24 09:06:09 | WARNING  | __main__     | Encrypted model not found at: G:\semester 6\IS\project\models\mnist_cnn_defended_adv_train.keras.enc
2025-04-24 09:06:09 | INFO     | __main__     | Attempting initial encryption...
2025-04-24 09:06:09 | INFO     | __main__     | Attempting to encrypt model from mnist_cnn_defended_adv_train.keras to mnist_cnn_defended_adv_train.keras.enc
2025-04-24 09:06:09 | INFO     | __main__     | Model successfully encrypted to mnist_cnn_defended_adv_train.keras.enc
2025-04-24 09:06:09 | INFO     | __main__     | Initial model encryption successful.
2025-04-24 19:48:57 | INFO     | root         | Logging initialized.
2025-04-24 19:48:57 | INFO     | app          | Creating Flask application...
2025-04-24 19:48:57 | INFO     | app          | Flask application created successfully.
2025-04-24 19:48:57 | INFO     | __main__     | Starting Flask development server...
2025-04-24 19:48:58 | INFO     | root         | Logging initialized.
2025-04-24 19:48:58 | INFO     | app          | Creating Flask application...
2025-04-24 19:48:58 | INFO     | app          | Flask application created successfully.
2025-04-24 19:48:58 | INFO     | __main__     | Starting Flask development server...
2025-04-24 19:48:58 | WARNING  | werkzeug     |  * Debugger is active!
2025-04-27 13:17:03 | INFO     | root         | Logging initialized.
2025-04-27 13:17:03 | INFO     | app          | Creating Flask application...
2025-04-27 13:17:03 | INFO     | app          | Flask application created successfully.
2025-04-27 13:17:03 | INFO     | __main__     | Starting Flask development server...
2025-04-27 13:17:11 | INFO     | root         | Logging initialized.
2025-04-27 13:17:11 | INFO     | app          | Creating Flask application...
2025-04-27 13:17:11 | INFO     | app          | Flask application created successfully.
2025-04-27 13:17:11 | INFO     | __main__     | Starting Flask development server...
2025-04-27 13:17:11 | WARNING  | werkzeug     |  * Debugger is active!
2025-04-27 13:19:15 | INFO     | app.routes   | Login attempt received
2025-04-27 13:19:15 | WARNING  | app.routes   | Login failed: Invalid credentials for user 'predictor01'
2025-04-27 13:22:15 | INFO     | root         | Logging initialized.
2025-04-27 13:22:15 | INFO     | app          | Creating Flask application...
2025-04-27 13:22:15 | INFO     | app          | Flask application created successfully.
2025-04-27 13:22:15 | INFO     | __main__     | Starting Flask development server...
2025-04-27 13:22:15 | WARNING  | werkzeug     |  * Debugger is active!
2025-04-27 13:22:16 | INFO     | app.routes   | Login attempt received
2025-04-27 13:22:16 | INFO     | app.auth     | Generated token for user 'predictor01' (Role: predictor). Expires at 2025-04-27 14:22:16
2025-04-27 13:22:16 | INFO     | app.routes   | Login successful for user 'predictor01'
2025-04-27 13:22:16 | INFO     | app.routes   | Authenticated user: predictor01 (Role: predictor) accessed /predict
2025-04-27 13:22:16 | INFO     | app.routes   | Prediction request received from user 'predictor01' (Role: predictor)
2025-04-27 13:22:16 | INFO     | app.routes   | Model not cached. Attempting to load and decrypt...
2025-04-27 13:22:17 | INFO     | app.utils    | Keras model loaded successfully from temporary file.
2025-04-27 13:22:17 | INFO     | app.routes   | Defended model loaded and cached successfully.
2025-04-27 13:22:17 | INFO     | app.routes   | Prediction successful for user 'predictor01': Class=7, Confidence=1.0000
2025-04-27 13:22:17 | INFO     | app.routes   | Authenticated user: predictor01 (Role: predictor) accessed /logout
2025-04-27 13:22:17 | INFO     | app.auth     | Token invalidated for user 'predictor01' (Logout)
2025-04-27 13:22:17 | INFO     | app.routes   | User 'predictor01' logged out successfully.
2025-04-27 17:50:17 | INFO     | root         | Logging initialized.
2025-04-27 17:50:17 | INFO     | app          | Creating Flask application...
2025-04-27 17:50:17 | INFO     | app          | Flask application created successfully.
2025-04-27 17:50:17 | INFO     | __main__     | Starting Flask development server...
2025-04-27 17:50:25 | INFO     | root         | Logging initialized.
2025-04-27 17:50:25 | INFO     | app          | Creating Flask application...
2025-04-27 17:50:25 | INFO     | app          | Flask application created successfully.
2025-04-27 17:50:25 | INFO     | __main__     | Starting Flask development server...
2025-04-27 17:50:25 | WARNING  | werkzeug     |  * Debugger is active!
2025-04-27 17:53:25 | WARNING  | app.routes   | Access denied to /. User not logged in.
2025-04-27 18:00:35 | INFO     | root         | Logging initialized.
2025-04-27 18:00:35 | INFO     | app          | Creating Flask application...
2025-04-27 18:00:35 | INFO     | app          | Flask application created successfully.
2025-04-27 18:00:35 | INFO     | __main__     | Starting Flask development server...
2025-04-27 18:00:42 | INFO     | root         | Logging initialized.
2025-04-27 18:00:42 | INFO     | app          | Creating Flask application...
2025-04-27 18:00:42 | INFO     | app          | Flask application created successfully.
2025-04-27 18:00:42 | INFO     | __main__     | Starting Flask development server...
2025-04-27 18:00:42 | WARNING  | werkzeug     |  * Debugger is active!
2025-04-27 18:10:42 | INFO     | root         | Logging initialized.
2025-04-27 18:10:42 | INFO     | app          | Creating Flask application...
2025-04-27 18:10:42 | INFO     | app          | Flask App Root Path: G:\semester 6\IS\project\app
2025-04-27 18:10:42 | INFO     | app          | Flask Template Folder: templates
2025-04-27 18:10:42 | INFO     | app          | Flask application created successfully.
2025-04-27 18:10:42 | INFO     | __main__     | Starting Flask development server...
2025-04-27 18:10:50 | INFO     | root         | Logging initialized.
2025-04-27 18:10:50 | INFO     | app          | Creating Flask application...
2025-04-27 18:10:50 | INFO     | app          | Flask App Root Path: G:\semester 6\IS\project\app
2025-04-27 18:10:50 | INFO     | app          | Flask Template Folder: templates
2025-04-27 18:10:50 | INFO     | app          | Flask application created successfully.
2025-04-27 18:10:50 | INFO     | __main__     | Starting Flask development server...
2025-04-27 18:10:50 | WARNING  | werkzeug     |  * Debugger is active!
2025-04-27 18:17:33 | INFO     | root         | Logging initialized.
2025-04-27 18:17:33 | INFO     | app          | Creating Flask application...
2025-04-27 18:17:33 | INFO     | app          | Attempting to set explicit template folder: G:\semester 6\IS\project\templates
2025-04-27 18:17:33 | INFO     | app          | Flask App Root Path: G:\semester 6\IS\project\app
2025-04-27 18:17:33 | INFO     | app          | Flask Template Folder (set explicitly): G:\semester 6\IS\project\templates
2025-04-27 18:17:33 | INFO     | app          | Flask application created successfully.
2025-04-27 18:17:33 | INFO     | __main__     | Starting Flask development server...
2025-04-27 18:17:40 | INFO     | root         | Logging initialized.
2025-04-27 18:17:40 | INFO     | app          | Creating Flask application...
2025-04-27 18:17:40 | INFO     | app          | Attempting to set explicit template folder: G:\semester 6\IS\project\templates
2025-04-27 18:17:40 | INFO     | app          | Flask App Root Path: G:\semester 6\IS\project\app
2025-04-27 18:17:40 | INFO     | app          | Flask Template Folder (set explicitly): G:\semester 6\IS\project\templates
2025-04-27 18:17:40 | INFO     | app          | Flask application created successfully.
2025-04-27 18:17:40 | INFO     | __main__     | Starting Flask development server...
2025-04-27 18:17:40 | WARNING  | werkzeug     |  * Debugger is active!
2025-04-27 18:18:38 | INFO     | app.routes   | Login attempt for username: 'predictor01'
2025-04-27 18:18:38 | INFO     | app.auth     | Generated token for user 'predictor01' (Role: predictor). Expires at 2025-04-27 19:18:38
2025-04-27 18:18:38 | INFO     | app.routes   | Login successful for user 'predictor01'. Token stored in session.
2025-04-27 18:21:48 | INFO     | app.routes   | Prediction request via web form from user 'predictor01'
2025-04-27 18:21:48 | INFO     | app.routes   | Model not cached. Attempting to load and decrypt...
2025-04-27 18:21:49 | INFO     | app.utils    | Keras model loaded successfully from temporary file.
2025-04-27 18:21:49 | INFO     | app.routes   | Defended model loaded and cached successfully.
2025-04-27 18:21:50 | INFO     | app.routes   | Prediction by model successful: Class=4, Confidence=0.4266
2025-04-27 18:31:46 | INFO     | app.routes   | Prediction request via web form from user 'predictor01'
2025-04-27 18:31:46 | INFO     | app.routes   | Prediction by model successful: Class=4, Confidence=0.4266
2025-04-27 18:31:56 | INFO     | app.routes   | Prediction request via web form from user 'predictor01'
2025-04-27 18:31:56 | INFO     | app.routes   | Prediction by model successful: Class=4, Confidence=0.4266
2025-04-27 18:33:04 | INFO     | app.routes   | Prediction request via web form from user 'predictor01'
2025-04-27 18:33:04 | INFO     | app.routes   | Prediction by model successful: Class=4, Confidence=0.3505
2025-04-27 18:33:10 | INFO     | app.routes   | Prediction request via web form from user 'predictor01'
2025-04-27 18:33:10 | INFO     | app.routes   | Prediction by model successful: Class=4, Confidence=0.3505
2025-04-27 18:33:14 | INFO     | app.routes   | Prediction request via web form from user 'predictor01'
2025-04-27 18:33:14 | INFO     | app.routes   | Prediction by model successful: Class=4, Confidence=0.4266
2025-04-27 18:33:56 | INFO     | app.routes   | Prediction request via web form from user 'predictor01'
2025-04-27 18:33:56 | INFO     | app.routes   | Prediction by model successful: Class=4, Confidence=0.4105
2025-04-27 18:34:02 | INFO     | app.routes   | Prediction request via web form from user 'predictor01'
2025-04-27 18:34:02 | INFO     | app.routes   | Prediction by model successful: Class=4, Confidence=0.4266
2025-04-27 18:34:07 | INFO     | app.routes   | Prediction request via web form from user 'predictor01'
2025-04-27 18:34:07 | INFO     | app.routes   | Prediction by model successful: Class=4, Confidence=0.4266
2025-04-27 18:34:12 | INFO     | app.routes   | Prediction request via web form from user 'predictor01'
2025-04-27 18:34:12 | INFO     | app.routes   | Prediction by model successful: Class=4, Confidence=0.4266
2025-04-27 18:34:17 | INFO     | app.routes   | Prediction request via web form from user 'predictor01'
2025-04-27 18:34:18 | INFO     | app.routes   | Prediction by model successful: Class=4, Confidence=0.4105
2025-04-27 18:34:35 | INFO     | app.routes   | Prediction request via web form from user 'predictor01'
2025-04-27 18:34:35 | INFO     | app.routes   | Prediction by model successful: Class=4, Confidence=0.4105
2025-04-27 20:55:32 | INFO     | root         | Logging initialized.
2025-04-27 20:55:32 | INFO     | app          | Creating Flask application...
2025-04-27 20:55:32 | INFO     | app          | Attempting to set explicit template folder: G:\semester 6\IS\project\templates
2025-04-27 20:55:32 | INFO     | app          | Flask App Root Path: G:\semester 6\IS\project\app
2025-04-27 20:55:32 | INFO     | app          | Flask Template Folder (set explicitly): G:\semester 6\IS\project\templates
2025-04-27 20:55:32 | INFO     | app          | Flask application created successfully.
2025-04-27 20:55:32 | INFO     | __main__     | Starting Flask development server...
2025-04-27 20:55:39 | INFO     | root         | Logging initialized.
2025-04-27 20:55:39 | INFO     | app          | Creating Flask application...
2025-04-27 20:55:39 | INFO     | app          | Attempting to set explicit template folder: G:\semester 6\IS\project\templates
2025-04-27 20:55:39 | INFO     | app          | Flask App Root Path: G:\semester 6\IS\project\app
2025-04-27 20:55:39 | INFO     | app          | Flask Template Folder (set explicitly): G:\semester 6\IS\project\templates
2025-04-27 20:55:39 | INFO     | app          | Flask application created successfully.
2025-04-27 20:55:39 | INFO     | __main__     | Starting Flask development server...
2025-04-27 20:55:39 | WARNING  | werkzeug     |  * Debugger is active!
2025-04-27 20:55:52 | WARNING  | app.routes   | Access denied to /. User not logged in.
2025-04-27 20:56:08 | INFO     | app.routes   | Login attempt for username: 'predictor01'
2025-04-27 20:56:08 | INFO     | app.auth     | Generated token for user 'predictor01' (Role: predictor). Expires at 2025-04-27 21:56:08
2025-04-27 20:56:08 | INFO     | app.routes   | Login successful for user 'predictor01'. Token stored in session.
2025-04-27 20:56:17 | INFO     | app.routes   | Prediction request via web form from user 'predictor01'
2025-04-27 20:56:18 | INFO     | app.routes   | Model not cached. Attempting to load and decrypt...
2025-04-27 20:56:18 | INFO     | app.utils    | Keras model loaded successfully from temporary file.
2025-04-27 20:56:18 | INFO     | app.routes   | Defended model loaded and cached successfully.
2025-04-27 20:56:19 | INFO     | app.routes   | Prediction by model successful: Class=4, Confidence=0.4105
2025-04-27 20:58:55 | INFO     | app.routes   | Prediction request via web form from user 'predictor01'
2025-04-27 20:58:55 | INFO     | app.routes   | Prediction by model successful: Class=2, Confidence=0.9991
2025-04-27 20:59:54 | INFO     | app.routes   | Prediction request via web form from user 'predictor01'
2025-04-27 20:59:54 | INFO     | app.routes   | Prediction by model successful: Class=2, Confidence=0.9991
2025-04-27 21:04:31 | INFO     | app.routes   | Prediction request via web form from user 'predictor01'
2025-04-27 21:04:31 | INFO     | app.routes   | Prediction by model successful: Class=0, Confidence=0.6789
2025-04-27 21:04:39 | INFO     | app.routes   | Prediction request via web form from user 'predictor01'
2025-04-27 21:04:39 | INFO     | app.routes   | Prediction by model successful: Class=0, Confidence=0.6789
2025-04-27 21:06:08 | INFO     | app.routes   | Prediction request via web form from user 'predictor01'
2025-04-27 21:06:08 | INFO     | app.routes   | Prediction by model successful: Class=9, Confidence=0.9991
2025-04-27 21:09:20 | INFO     | app.auth     | Token invalidated for user 'predictor01' (Logout)
2025-04-27 21:09:20 | INFO     | app.routes   | User 'predictor01' logged out (session cleared, server token invalidated).
2025-04-27 21:09:39 | INFO     | app.routes   | Login attempt for username: 'admin01'
2025-04-27 21:09:40 | WARNING  | app.routes   | Login failed: Invalid credentials for username 'admin01'
2025-04-27 21:09:50 | INFO     | app.routes   | Login attempt for username: 'admin01'
2025-04-27 21:09:50 | WARNING  | app.routes   | Login failed: Invalid credentials for username 'admin01'
2025-04-27 21:10:27 | INFO     | app.routes   | Login attempt for username: 'admin01'
2025-04-27 21:10:27 | WARNING  | app.routes   | Login failed: Invalid credentials for username 'admin01'
2025-04-27 21:14:26 | INFO     | app.routes   | Login attempt for username: 'predictor01'
2025-04-27 21:14:26 | WARNING  | app.routes   | Login failed: Invalid credentials for username 'predictor01'
2025-04-27 21:14:36 | INFO     | app.routes   | Login attempt for username: 'predictor01'
2025-04-27 21:14:36 | INFO     | app.auth     | Generated token for user 'predictor01' (Role: predictor). Expires at 2025-04-27 22:14:36
2025-04-27 21:14:36 | INFO     | app.routes   | Login successful for user 'predictor01'. Token stored in session.
2025-04-27 21:14:42 | INFO     | app.auth     | Token invalidated for user 'predictor01' (Logout)
2025-04-27 21:14:42 | INFO     | app.routes   | User 'predictor01' logged out (session cleared, server token invalidated).
2025-04-27 21:15:27 | INFO     | app.routes   | Login attempt for username: 'admin01'
2025-04-27 21:15:27 | WARNING  | app.routes   | Login failed: Invalid credentials for username 'admin01'
2025-04-27 21:15:37 | INFO     | app.routes   | Login attempt for username: 'admin01'
2025-04-27 21:15:38 | WARNING  | app.routes   | Login failed: Invalid credentials for username 'admin01'
2025-04-27 21:15:47 | INFO     | app.routes   | Login attempt for username: 'admin01'
2025-04-27 21:15:47 | WARNING  | app.routes   | Login failed: Invalid credentials for username 'admin01'
2025-04-27 21:22:41 | INFO     | root         | Logging initialized.
2025-04-27 21:22:41 | INFO     | app          | Creating Flask application...
2025-04-27 21:22:41 | INFO     | app          | Attempting to set explicit template folder: G:\semester 6\IS\project\templates
2025-04-27 21:22:41 | INFO     | app          | Flask App Root Path: G:\semester 6\IS\project\app
2025-04-27 21:22:41 | INFO     | app          | Flask Template Folder (set explicitly): G:\semester 6\IS\project\templates
2025-04-27 21:22:41 | INFO     | app          | Flask application created successfully.
2025-04-27 21:22:41 | INFO     | __main__     | Starting Flask development server...
2025-04-27 21:22:49 | INFO     | root         | Logging initialized.
2025-04-27 21:22:49 | INFO     | app          | Creating Flask application...
2025-04-27 21:22:49 | INFO     | app          | Attempting to set explicit template folder: G:\semester 6\IS\project\templates
2025-04-27 21:22:49 | INFO     | app          | Flask App Root Path: G:\semester 6\IS\project\app
2025-04-27 21:22:49 | INFO     | app          | Flask Template Folder (set explicitly): G:\semester 6\IS\project\templates
2025-04-27 21:22:49 | INFO     | app          | Flask application created successfully.
2025-04-27 21:22:49 | INFO     | __main__     | Starting Flask development server...
2025-04-27 21:22:49 | WARNING  | werkzeug     |  * Debugger is active!
2025-04-27 21:22:55 | WARNING  | app.routes   | Access denied to /. User not logged in.
2025-04-27 21:23:01 | INFO     | app.routes   | Login attempt for username: 'shahmir'
2025-04-27 21:23:02 | INFO     | app.auth     | Generated token for user 'shahmir' (Role: admin). Expires at 2025-04-27 22:23:02
2025-04-27 21:23:02 | INFO     | app.routes   | Login successful for user 'shahmir'. Token stored in session.
2025-04-27 21:23:16 | INFO     | app.routes   | Log view request from admin user 'shahmir'
2025-04-27 21:23:30 | INFO     | app.routes   | Prediction request via web form from user 'shahmir'
2025-04-27 21:23:30 | INFO     | app.routes   | Model not cached. Attempting to load and decrypt...
2025-04-27 21:23:30 | INFO     | app.utils    | Keras model loaded successfully from temporary file.
2025-04-27 21:23:30 | INFO     | app.routes   | Defended model loaded and cached successfully.
2025-04-27 21:23:31 | INFO     | app.routes   | Prediction by model successful: Class=0, Confidence=0.6789
2025-04-28 12:39:25 | INFO     | root         | Logging initialized.
2025-04-28 12:39:25 | INFO     | app          | Creating Flask application...
2025-04-28 12:39:25 | INFO     | app          | Attempting to set explicit template folder: G:\semester 6\IS\project\templates
2025-04-28 12:39:25 | INFO     | app          | Flask App Root Path: G:\semester 6\IS\project\app
2025-04-28 12:39:25 | INFO     | app          | Flask Template Folder (set explicitly): G:\semester 6\IS\project\templates
2025-04-28 12:39:25 | INFO     | app          | Flask application created successfully.
2025-04-28 12:39:25 | INFO     | __main__     | Starting Flask development server...
2025-04-28 12:39:30 | INFO     | root         | Logging initialized.
2025-04-28 12:39:30 | INFO     | app          | Creating Flask application...
2025-04-28 12:39:30 | INFO     | app          | Attempting to set explicit template folder: G:\semester 6\IS\project\templates
2025-04-28 12:39:30 | INFO     | app          | Flask App Root Path: G:\semester 6\IS\project\app
2025-04-28 12:39:30 | INFO     | app          | Flask Template Folder (set explicitly): G:\semester 6\IS\project\templates
2025-04-28 12:39:30 | INFO     | app          | Flask application created successfully.
2025-04-28 12:39:30 | INFO     | __main__     | Starting Flask development server...
2025-04-28 12:39:30 | WARNING  | werkzeug     |  * Debugger is active!
2025-04-28 12:39:35 | WARNING  | app.routes   | Access denied to /. User not logged in.
2025-04-28 12:39:44 | INFO     | app.routes   | Login attempt for username: 'shahmir'
2025-04-28 12:39:44 | INFO     | app.auth     | Generated token for user 'shahmir' (Role: admin). Expires at 2025-04-28 13:39:44
2025-04-28 12:39:44 | INFO     | app.routes   | Login successful for user 'shahmir'. Token stored in session.
2025-04-28 12:39:59 | INFO     | app.routes   | Prediction request via web form from user 'shahmir'
2025-04-28 12:39:59 | INFO     | app.routes   | Model not cached. Attempting to load and decrypt...
2025-04-28 12:40:01 | INFO     | app.routes   | Prediction request via web form from user 'shahmir'
2025-04-28 12:40:01 | INFO     | app.routes   | Model not cached. Attempting to load and decrypt...
2025-04-28 12:40:01 | INFO     | app.utils    | Keras model loaded successfully from temporary file.
2025-04-28 12:40:01 | WARNING  | app.utils    | Could not remove temporary model file G:\semester 6\IS\project\models\temp_mnist_cnn_defended_adv_train.keras: [WinError 32] The process cannot access the file because it is being used by another process: 'G:\\semester 6\\IS\\project\\models\\temp_mnist_cnn_defended_adv_train.keras'
2025-04-28 12:40:01 | INFO     | app.routes   | Defended model loaded and cached successfully.
2025-04-28 12:40:02 | INFO     | app.utils    | Keras model loaded successfully from temporary file.
2025-04-28 12:40:02 | INFO     | app.routes   | Defended model loaded and cached successfully.
2025-04-28 12:40:03 | INFO     | app.routes   | Prediction request via web form from user 'shahmir'
2025-04-28 12:40:05 | INFO     | app.routes   | Prediction request via web form from user 'shahmir'
2025-04-28 12:40:05 | INFO     | app.routes   | Prediction by model successful: Class=4, Confidence=0.4266
2025-04-28 12:40:05 | INFO     | app.routes   | Prediction by model successful: Class=4, Confidence=0.4266
2025-04-28 12:40:05 | INFO     | app.routes   | Prediction by model successful: Class=4, Confidence=0.4266
2025-04-28 12:40:05 | INFO     | app.routes   | Prediction by model successful: Class=4, Confidence=0.4266
2025-04-28 12:40:13 | INFO     | app.routes   | Prediction request via web form from user 'shahmir'
2025-04-28 12:40:13 | INFO     | app.routes   | Prediction by model successful: Class=2, Confidence=0.9991
2025-04-28 12:41:56 | INFO     | app.routes   | Log view request from admin user 'shahmir'
2025-04-28 12:43:00 | INFO     | app.routes   | Log view request from admin user 'shahmir'
2025-04-28 12:46:26 | INFO     | app.routes   | Prediction request via web form from user 'shahmir'
2025-04-28 12:46:27 | INFO     | app.routes   | Prediction by model successful: Class=2, Confidence=0.9991
2025-04-28 12:47:16 | INFO     | app.auth     | Token invalidated for user 'shahmir' (Logout)
2025-04-28 12:47:16 | INFO     | app.routes   | User 'shahmir' logged out (session cleared, server token invalidated).
2025-04-28 12:47:25 | INFO     | app.routes   | Login attempt for username: 'shahmir'
2025-04-28 12:47:25 | INFO     | app.auth     | Generated token for user 'shahmir' (Role: admin). Expires at 2025-04-28 13:47:25
2025-04-28 12:47:25 | INFO     | app.routes   | Login successful for user 'shahmir'. Token stored in session.
2025-05-01 01:49:05 | INFO     | root         | Logging initialized.
2025-05-01 01:49:05 | INFO     | app          | Creating Flask application...
2025-05-01 01:49:05 | INFO     | app          | Attempting to set explicit template folder: G:\semester 6\IS\project\templates
2025-05-01 01:49:05 | INFO     | app          | Flask App Root Path: G:\semester 6\IS\project\app
2025-05-01 01:49:05 | INFO     | app          | Flask Template Folder (set explicitly): G:\semester 6\IS\project\templates
2025-05-01 01:49:05 | INFO     | app          | Flask application created successfully.
2025-05-01 01:49:05 | INFO     | __main__     | Starting Flask development server...
2025-05-01 01:49:13 | INFO     | root         | Logging initialized.
2025-05-01 01:49:13 | INFO     | app          | Creating Flask application...
2025-05-01 01:49:13 | INFO     | app          | Attempting to set explicit template folder: G:\semester 6\IS\project\templates
2025-05-01 01:49:13 | INFO     | app          | Flask App Root Path: G:\semester 6\IS\project\app
2025-05-01 01:49:13 | INFO     | app          | Flask Template Folder (set explicitly): G:\semester 6\IS\project\templates
2025-05-01 01:49:13 | INFO     | app          | Flask application created successfully.
2025-05-01 01:49:13 | INFO     | __main__     | Starting Flask development server...
2025-05-01 01:49:13 | WARNING  | werkzeug     |  * Debugger is active!
